Determining if the pthread_create exist failed with the following output:
Change Dir: /home/dave/code/bomberbloke/build/CMakeFiles/CMakeTmp

Run Build Command:"/usr/bin/make" "cmTC_a228f/fast"
/usr/bin/make -f CMakeFiles/cmTC_a228f.dir/build.make CMakeFiles/cmTC_a228f.dir/build
make[1]: Entering directory '/home/dave/code/bomberbloke/build/CMakeFiles/CMakeTmp'
Building C object CMakeFiles/cmTC_a228f.dir/CheckSymbolExists.c.o
/usr/bin/cc    -o CMakeFiles/cmTC_a228f.dir/CheckSymbolExists.c.o   -c /home/dave/code/bomberbloke/build/CMakeFiles/CMakeTmp/CheckSymbolExists.c
Linking C executable cmTC_a228f
/usr/bin/cmake -E cmake_link_script CMakeFiles/cmTC_a228f.dir/link.txt --verbose=1
/usr/bin/cc      CMakeFiles/cmTC_a228f.dir/CheckSymbolExists.c.o  -o cmTC_a228f 
CMakeFiles/cmTC_a228f.dir/CheckSymbolExists.c.o:CheckSymbolExists.c:function main: error: undefined reference to 'pthread_create'
collect2: error: ld returned 1 exit status
make[1]: *** [CMakeFiles/cmTC_a228f.dir/build.make:87: cmTC_a228f] Error 1
make[1]: Leaving directory '/home/dave/code/bomberbloke/build/CMakeFiles/CMakeTmp'
make: *** [Makefile:121: cmTC_a228f/fast] Error 2

File /home/dave/code/bomberbloke/build/CMakeFiles/CMakeTmp/CheckSymbolExists.c:
/* */
#include <pthread.h>

int main(int argc, char** argv)
{
  (void)argv;
#ifndef pthread_create
  return ((int*)(&pthread_create))[argc];
#else
  (void)argc;
  return 0;
#endif
}

Determining if the function pthread_create exists in the pthreads failed with the following output:
Change Dir: /home/dave/code/bomberbloke/build/CMakeFiles/CMakeTmp

Run Build Command:"/usr/bin/make" "cmTC_77762/fast"
/usr/bin/make -f CMakeFiles/cmTC_77762.dir/build.make CMakeFiles/cmTC_77762.dir/build
make[1]: Entering directory '/home/dave/code/bomberbloke/build/CMakeFiles/CMakeTmp'
Building C object CMakeFiles/cmTC_77762.dir/CheckFunctionExists.c.o
/usr/bin/cc   -DCHECK_FUNCTION_EXISTS=pthread_create   -o CMakeFiles/cmTC_77762.dir/CheckFunctionExists.c.o   -c /usr/share/cmake-3.13/Modules/CheckFunctionExists.c
Linking C executable cmTC_77762
/usr/bin/cmake -E cmake_link_script CMakeFiles/cmTC_77762.dir/link.txt --verbose=1
/usr/bin/cc  -DCHECK_FUNCTION_EXISTS=pthread_create    CMakeFiles/cmTC_77762.dir/CheckFunctionExists.c.o  -o cmTC_77762 -lpthreads 
/usr/bin/ld: error: cannot find -lpthreads
CMakeFiles/cmTC_77762.dir/CheckFunctionExists.c.o:CheckFunctionExists.c:function main: error: undefined reference to 'pthread_create'
collect2: error: ld returned 1 exit status
make[1]: *** [CMakeFiles/cmTC_77762.dir/build.make:87: cmTC_77762] Error 1
make[1]: Leaving directory '/home/dave/code/bomberbloke/build/CMakeFiles/CMakeTmp'
make: *** [Makefile:121: cmTC_77762/fast] Error 2


